#
# There is insufficient memory for the Java Runtime Environment to continue.
# Native memory allocation (malloc) failed to allocate 32744 bytes for ChunkPool::allocate
# Possible reasons:
#   The system is out of physical RAM or swap space
#   The process is running with CompressedOops enabled, and the Java Heap may be blocking the growth of the native heap
# Possible solutions:
#   Reduce memory load on the system
#   Increase physical memory or swap space
#   Check if swap backing store is full
#   Decrease Java heap size (-Xmx/-Xms)
#   Decrease number of Java threads
#   Decrease Java thread stack sizes (-Xss)
#   Set larger code cache with -XX:ReservedCodeCacheSize=
#   JVM is running with Unscaled Compressed Oops mode in which the Java heap is
#     placed in the first 4GB address space. The Java Heap base address is the
#     maximum limit for the native heap growth. Please use -XX:HeapBaseMinAddress
#     to set the Java Heap base and to place the Java Heap above 4GB virtual address.
# This output file may be truncated or incomplete.
#
#  Out of Memory Error (arena.cpp:79), pid=6700, tid=12204
#
# JRE version: OpenJDK Runtime Environment JBR-17.0.10+1-1087.23-jcef (17.0.10+1) (build 17.0.10+1-b1087.23)
# Java VM: OpenJDK 64-Bit Server VM JBR-17.0.10+1-1087.23-jcef (17.0.10+1-b1087.23, mixed mode, tiered, compressed oops, compressed class ptrs, g1 gc, windows-amd64)
# No core dump will be written. Minidumps are not enabled by default on client versions of Windows
#

---------------  S U M M A R Y ------------

Command Line: -Dorg.sqlite.tmpdir=C:\Users\ASUS TUF GAMING\AppData\Local\JetBrains\PyCharm2023.3\jdbc-native-deps\Xerial SQLiteJDBC\3.45.1\sqlite-jdbc-3.45.1.0\libs -Djava.rmi.server.hostname=127.0.0.1 -Duser.timezone=UTC -Xmx2048m -Xms256m -Djdbc.classpath=C:\Program Files\JetBrains\PyCharm 2023.2.5\plugins\DatabaseTools\lib\jdbc-console.jar;C:\Users\ASUS TUF GAMING\AppData\Roaming\JetBrains\PyCharm2023.3\jdbc-drivers\Xerial SQLiteJDBC\3.45.1\org\xerial\sqlite-jdbc\3.45.1.0\sqlite-jdbc-3.45.1.0.jar;C:\Users\ASUS TUF GAMING\AppData\Roaming\JetBrains\PyCharm2023.3\jdbc-drivers\Xerial SQLiteJDBC\3.45.1\org\slf4j\slf4j-api\1.7.36\slf4j-api-1.7.36.jar --add-exports=java.desktop/sun.awt=ALL-UNNAMED --add-exports=java.desktop/java.awt.peer=ALL-UNNAMED --add-opens=java.desktop/java.awt=ALL-UNNAMED --add-opens=jdk.unsupported/sun.misc=ALL-UNNAMED --add-opens=java.base/java.nio=ALL-UNNAMED --add-opens=java.base/java.util=ALL-UNNAMED -Dfile.encoding=UTF-8 com.intellij.database.remote.RemoteJdbcServer org.sqlite.JDBC

Host: AMD Ryzen 5 4600H with Radeon Graphics         , 12 cores, 15G,  Windows 11 , 64 bit Build 22621 (10.0.22621.3958)
Time: Sun Aug 25 20:31:35 2024 Hora est. Pacífico, Sudamérica elapsed time: 1216.029993 seconds (0d 0h 20m 16s)

---------------  T H R E A D  ---------------

Current thread (0x00000236114e2500):  JavaThread "C2 CompilerThread0" daemon [_thread_in_vm, id=12204, stack(0x000000e6e9200000,0x000000e6e9300000)]


Current CompileTask:
C2:1216030 2284       4       sun.rmi.transport.StreamRemoteCall::getInputStream (60 bytes)

Stack: [0x000000e6e9200000,0x000000e6e9300000]
Native frames: (J=compiled Java code, j=interpreted, Vv=VM code, C=native code)
V  [jvm.dll+0x688a29]
V  [jvm.dll+0x84216a]
V  [jvm.dll+0x843dae]
V  [jvm.dll+0x844413]
V  [jvm.dll+0x24ba8f]
V  [jvm.dll+0xac721]
V  [jvm.dll+0xacb6c]
V  [jvm.dll+0x1d9c41]
V  [jvm.dll+0x1c58e2]
V  [jvm.dll+0x1c624e]
V  [jvm.dll+0x1c6010]
V  [jvm.dll+0x1dcf91]
V  [jvm.dll+0x2b1de8]
V  [jvm.dll+0x6a0eb5]
V  [jvm.dll+0x698e7b]
V  [jvm.dll+0x6984b7]
V  [jvm.dll+0x6963a2]
V  [jvm.dll+0x1a929c]
V  [jvm.dll+0x2b22a4]
V  [jvm.dll+0x6a0eb5]
V  [jvm.dll+0x698e7b]
V  [jvm.dll+0x6984b7]
V  [jvm.dll+0x6963a2]
V  [jvm.dll+0x1a929c]
V  [jvm.dll+0x2b22a4]
V  [jvm.dll+0x6a0eb5]
V  [jvm.dll+0x698e7b]
V  [jvm.dll+0x6984b7]
V  [jvm.dll+0x6963a2]
V  [jvm.dll+0x1a929c]
V  [jvm.dll+0x2b22a4]
V  [jvm.dll+0x6a0eb5]
V  [jvm.dll+0x698e7b]
V  [jvm.dll+0x6984b7]
V  [jvm.dll+0x6963a2]
V  [jvm.dll+0x1a929c]
V  [jvm.dll+0x2b22a4]
V  [jvm.dll+0x6a0eb5]
V  [jvm.dll+0x698e7b]
V  [jvm.dll+0x6984b7]
V  [jvm.dll+0x6963a2]
V  [jvm.dll+0x1a929c]
V  [jvm.dll+0x21c728]
V  [jvm.dll+0x1a603d]
V  [jvm.dll+0x22ca18]
V  [jvm.dll+0x22ab50]
V  [jvm.dll+0x7f65e7]
V  [jvm.dll+0x7f09ea]
V  [jvm.dll+0x6878a5]
C  [ucrtbase.dll+0x29333]
C  [KERNEL32.DLL+0x1257d]
C  [ntdll.dll+0x5af28]


---------------  P R O C E S S  ---------------

Threads class SMR info:
_java_thread_list=0x000002361684a220, length=20, elements={
0x0000023676d6dae0, 0x000002361147f3d0, 0x0000023611480860, 0x00000236114a6630,
0x00000236114da7f0, 0x00000236114ded40, 0x00000236114e1810, 0x00000236114e2500,
0x00000236114e4520, 0x00000236114e6650, 0x000002361167fb20, 0x0000023611684490,
0x00000236161d9560, 0x00000236161c1440, 0x00000236161fcf70, 0x0000023616164460,
0x00000236162c04d0, 0x00000236162cbdc0, 0x00000236162cf060, 0x00000236162cd200
}

Java Threads: ( => current thread )
  0x0000023676d6dae0 JavaThread "main" [_thread_blocked, id=11132, stack(0x000000e6e8500000,0x000000e6e8600000)]
  0x000002361147f3d0 JavaThread "Reference Handler" daemon [_thread_blocked, id=24980, stack(0x000000e6e8c00000,0x000000e6e8d00000)]
  0x0000023611480860 JavaThread "Finalizer" daemon [_thread_blocked, id=17416, stack(0x000000e6e8d00000,0x000000e6e8e00000)]
  0x00000236114a6630 JavaThread "Signal Dispatcher" daemon [_thread_blocked, id=17892, stack(0x000000e6e8e00000,0x000000e6e8f00000)]
  0x00000236114da7f0 JavaThread "Attach Listener" daemon [_thread_blocked, id=12196, stack(0x000000e6e8f00000,0x000000e6e9000000)]
  0x00000236114ded40 JavaThread "Service Thread" daemon [_thread_blocked, id=4940, stack(0x000000e6e9000000,0x000000e6e9100000)]
  0x00000236114e1810 JavaThread "Monitor Deflation Thread" daemon [_thread_blocked, id=18124, stack(0x000000e6e9100000,0x000000e6e9200000)]
=>0x00000236114e2500 JavaThread "C2 CompilerThread0" daemon [_thread_in_vm, id=12204, stack(0x000000e6e9200000,0x000000e6e9300000)]
  0x00000236114e4520 JavaThread "C1 CompilerThread0" daemon [_thread_blocked, id=18580, stack(0x000000e6e9300000,0x000000e6e9400000)]
  0x00000236114e6650 JavaThread "Sweeper thread" daemon [_thread_blocked, id=14152, stack(0x000000e6e9400000,0x000000e6e9500000)]
  0x000002361167fb20 JavaThread "Common-Cleaner" daemon [_thread_blocked, id=19476, stack(0x000000e6e9500000,0x000000e6e9600000)]
  0x0000023611684490 JavaThread "Notification Thread" daemon [_thread_blocked, id=21744, stack(0x000000e6e9600000,0x000000e6e9700000)]
  0x00000236161d9560 JavaThread "RMI TCP Accept-54539" daemon [_thread_in_native, id=17776, stack(0x000000e6e9900000,0x000000e6e9a00000)]
  0x00000236161c1440 JavaThread "RMI TCP Accept-0" daemon [_thread_in_native, id=20728, stack(0x000000e6e9a00000,0x000000e6e9b00000)]
  0x00000236161fcf70 JavaThread "RMI Reaper" [_thread_blocked, id=17556, stack(0x000000e6e9b00000,0x000000e6e9c00000)]
  0x0000023616164460 JavaThread "RMI GC Daemon" daemon [_thread_blocked, id=13792, stack(0x000000e6e9c00000,0x000000e6e9d00000)]
  0x00000236162c04d0 JavaThread "RMI TCP Connection(1)-127.0.0.1" daemon [_thread_in_native, id=22864, stack(0x000000e6e9d00000,0x000000e6e9e00000)]
  0x00000236162cbdc0 JavaThread "RMI Scheduler(0)" daemon [_thread_blocked, id=8276, stack(0x000000e6e9f00000,0x000000e6ea000000)]
  0x00000236162cf060 JavaThread "RMI TCP Connection(4)-127.0.0.1" daemon [_thread_in_native, id=7272, stack(0x000000e6ea100000,0x000000e6ea200000)]
  0x00000236162cd200 JavaThread "RMI RenewClean-[127.0.0.1:60335]" daemon [_thread_blocked, id=22860, stack(0x000000e6ea200000,0x000000e6ea300000)]

Other Threads:
  0x000002361147be70 VMThread "VM Thread" [stack: 0x000000e6e8b00000,0x000000e6e8c00000] [id=23904]
  0x0000023611684970 WatcherThread [stack: 0x000000e6e9700000,0x000000e6e9800000] [id=23952]
  0x0000023676dcb0a0 GCTaskThread "GC Thread#0" [stack: 0x000000e6e8600000,0x000000e6e8700000] [id=23140]
  0x0000023616681d70 GCTaskThread "GC Thread#1" [stack: 0x000000e6e8400000,0x000000e6e8500000] [id=16644]
  0x0000023616682030 GCTaskThread "GC Thread#2" [stack: 0x000000e6ea000000,0x000000e6ea100000] [id=20228]
  0x0000023616876040 GCTaskThread "GC Thread#3" [stack: 0x000000e6ea400000,0x000000e6ea500000] [id=10904]
  0x0000023616876f20 GCTaskThread "GC Thread#4" [stack: 0x000000e6ea500000,0x000000e6ea600000] [id=8616]
  0x00000236168775f0 GCTaskThread "GC Thread#5" [stack: 0x000000e6ea600000,0x000000e6ea700000] [id=6784]
  0x00000236168784c0 GCTaskThread "GC Thread#6" [stack: 0x000000e6ea700000,0x000000e6ea800000] [id=23708]
  0x0000023616879000 GCTaskThread "GC Thread#7" [stack: 0x000000e6ea800000,0x000000e6ea900000] [id=16456]
  0x000002361687a600 GCTaskThread "GC Thread#8" [stack: 0x000000e6ea900000,0x000000e6eaa00000] [id=9200]
  0x000002361687a080 GCTaskThread "GC Thread#9" [stack: 0x000000e6eaa00000,0x000000e6eab00000] [id=9536]
  0x0000023676ddbff0 ConcurrentGCThread "G1 Main Marker" [stack: 0x000000e6e8700000,0x000000e6e8800000] [id=20736]
  0x0000023676ddca10 ConcurrentGCThread "G1 Conc#0" [stack: 0x000000e6e8800000,0x000000e6e8900000] [id=13292]
  0x00000236111b49e0 ConcurrentGCThread "G1 Refine#0" [stack: 0x000000e6e8900000,0x000000e6e8a00000] [id=25420]
  0x00000236166b7160 ConcurrentGCThread "G1 Refine#1" [stack: 0x000000e6eab00000,0x000000e6eac00000] [id=20020]
  0x000002361687d020 ConcurrentGCThread "G1 Refine#2" [stack: 0x000000e6eac00000,0x000000e6ead00000] [id=2628]
  0x00000236111b5320 ConcurrentGCThread "G1 Service" [stack: 0x000000e6e8a00000,0x000000e6e8b00000] [id=11384]

Threads with active compile tasks:
C2 CompilerThread0  1216053 2284       4       sun.rmi.transport.StreamRemoteCall::getInputStream (60 bytes)

VM state: not at safepoint (normal execution)

VM Mutex/Monitor currently owned by a thread: None

Heap address: 0x0000000080000000, size: 2048 MB, Compressed Oops mode: 32-bit

CDS archive(s) not mapped
Compressed class space mapped at: 0x0000000100000000-0x0000000140000000, reserved size: 1073741824
Narrow klass base: 0x0000000000000000, Narrow klass shift: 3, Narrow klass range: 0x140000000

GC Precious Log:
 CPUs: 12 total, 12 available
 Memory: 15789M
 Large Page Support: Disabled
 NUMA Support: Disabled
 Compressed Oops: Enabled (32-bit)
 Heap Region Size: 1M
 Heap Min Capacity: 256M
 Heap Initial Capacity: 256M
 Heap Max Capacity: 2G
 Pre-touch: Disabled
 Parallel Workers: 10
 Concurrent Workers: 3
 Concurrent Refinement Workers: 10
 Periodic GC: Disabled

Heap:
 garbage-first heap   total 262144K, used 31203K [0x0000000080000000, 0x0000000100000000)
  region size 1024K, 28 young (28672K), 3 survivors (3072K)
 Metaspace       used 18004K, committed 18304K, reserved 1114112K
  class space    used 1818K, committed 1984K, reserved 1048576K

Heap Regions: E=young(eden), S=young(survivor), O=old, HS=humongous(starts), HC=humongous(continues), CS=collection set, F=free, OA=open archive, CA=closed archive, TAMS=top-at-mark-start (previous, next)
|   0|0x0000000080000000, 0x0000000080100000, 0x0000000080100000|100%|HS|  |TAMS 0x0000000080000000, 0x0000000080000000| Complete 
|   1|0x0000000080100000, 0x0000000080200000, 0x0000000080200000|100%|HC|  |TAMS 0x0000000080100000, 0x0000000080100000| Complete 
|   2|0x0000000080200000, 0x0000000080300000, 0x0000000080300000|100%| O|  |TAMS 0x0000000080200000, 0x0000000080200000| Untracked 
|   3|0x0000000080300000, 0x0000000080378e00, 0x0000000080400000| 47%| O|  |TAMS 0x0000000080300000, 0x0000000080300000| Untracked 
|   4|0x0000000080400000, 0x0000000080400000, 0x0000000080500000|  0%| F|  |TAMS 0x0000000080400000, 0x0000000080400000| Untracked 
|   5|0x0000000080500000, 0x0000000080500000, 0x0000000080600000|  0%| F|  |TAMS 0x0000000080500000, 0x0000000080500000| Untracked 
|   6|0x0000000080600000, 0x0000000080600000, 0x0000000080700000|  0%| F|  |TAMS 0x0000000080600000, 0x0000000080600000| Untracked 
|   7|0x0000000080700000, 0x0000000080700000, 0x0000000080800000|  0%| F|  |TAMS 0x0000000080700000, 0x0000000080700000| Untracked 
|   8|0x0000000080800000, 0x0000000080800000, 0x0000000080900000|  0%| F|  |TAMS 0x0000000080800000, 0x0000000080800000| Untracked 
|   9|0x0000000080900000, 0x0000000080900000, 0x0000000080a00000|  0%| F|  |TAMS 0x0000000080900000, 0x0000000080900000| Untracked 
|  10|0x0000000080a00000, 0x0000000080a00000, 0x0000000080b00000|  0%| F|  |TAMS 0x0000000080a00000, 0x0000000080a00000| Untracked 
|  11|0x0000000080b00000, 0x0000000080b00000, 0x0000000080c00000|  0%| F|  |TAMS 0x0000000080b00000, 0x0000000080b00000| Untracked 
|  12|0x0000000080c00000, 0x0000000080c00000, 0x0000000080d00000|  0%| F|  |TAMS 0x0000000080c00000, 0x0000000080c00000| Untracked 
|  13|0x0000000080d00000, 0x0000000080d00000, 0x0000000080e00000|  0%| F|  |TAMS 0x0000000080d00000, 0x0000000080d00000| Untracked 
|  14|0x0000000080e00000, 0x0000000080e00000, 0x0000000080f00000|  0%| F|  |TAMS 0x0000000080e00000, 0x0000000080e00000| Untracked 
|  15|0x0000000080f00000, 0x0000000080f00000, 0x0000000081000000|  0%| F|  |TAMS 0x0000000080f00000, 0x0000000080f00000| Untracked 
|  16|0x0000000081000000, 0x0000000081000000, 0x0000000081100000|  0%| F|  |TAMS 0x0000000081000000, 0x0000000081000000| Untracked 
|  17|0x0000000081100000, 0x0000000081100000, 0x0000000081200000|  0%| F|  |TAMS 0x0000000081100000, 0x0000000081100000| Untracked 
|  18|0x0000000081200000, 0x0000000081200000, 0x0000000081300000|  0%| F|  |TAMS 0x0000000081200000, 0x0000000081200000| Untracked 
|  19|0x0000000081300000, 0x0000000081300000, 0x0000000081400000|  0%| F|  |TAMS 0x0000000081300000, 0x0000000081300000| Untracked 
|  20|0x0000000081400000, 0x0000000081400000, 0x0000000081500000|  0%| F|  |TAMS 0x0000000081400000, 0x0000000081400000| Untracked 
|  21|0x0000000081500000, 0x0000000081500000, 0x0000000081600000|  0%| F|  |TAMS 0x0000000081500000, 0x0000000081500000| Untracked 
|  22|0x0000000081600000, 0x0000000081600000, 0x0000000081700000|  0%| F|  |TAMS 0x0000000081600000, 0x0000000081600000| Untracked 
|  23|0x0000000081700000, 0x0000000081700000, 0x0000000081800000|  0%| F|  |TAMS 0x0000000081700000, 0x0000000081700000| Untracked 
|  24|0x0000000081800000, 0x0000000081800000, 0x0000000081900000|  0%| F|  |TAMS 0x0000000081800000, 0x0000000081800000| Untracked 
|  25|0x0000000081900000, 0x0000000081900000, 0x0000000081a00000|  0%| F|  |TAMS 0x0000000081900000, 0x0000000081900000| Untracked 
|  26|0x0000000081a00000, 0x0000000081a00000, 0x0000000081b00000|  0%| F|  |TAMS 0x0000000081a00000, 0x0000000081a00000| Untracked 
|  27|0x0000000081b00000, 0x0000000081b00000, 0x0000000081c00000|  0%| F|  |TAMS 0x0000000081b00000, 0x0000000081b00000| Untracked 
|  28|0x0000000081c00000, 0x0000000081c00000, 0x0000000081d00000|  0%| F|  |TAMS 0x0000000081c00000, 0x0000000081c00000| Untracked 
|  29|0x0000000081d00000, 0x0000000081d00000, 0x0000000081e00000|  0%| F|  |TAMS 0x0000000081d00000, 0x0000000081d00000| Untracked 
|  30|0x0000000081e00000, 0x0000000081e00000, 0x0000000081f00000|  0%| F|  |TAMS 0x0000000081e00000, 0x0000000081e00000| Untracked 
|  31|0x0000000081f00000, 0x0000000081f00000, 0x0000000082000000|  0%| F|  |TAMS 0x0000000081f00000, 0x0000000081f00000| Untracked 
|  32|0x0000000082000000, 0x0000000082000000, 0x0000000082100000|  0%| F|  |TAMS 0x0000000082000000, 0x0000000082000000| Untracked 
|  33|0x0000000082100000, 0x0000000082100000, 0x0000000082200000|  0%| F|  |TAMS 0x0000000082100000, 0x0000000082100000| Untracked 
|  34|0x0000000082200000, 0x0000000082200000, 0x0000000082300000|  0%| F|  |TAMS 0x0000000082200000, 0x0000000082200000| Untracked 
|  35|0x0000000082300000, 0x0000000082300000, 0x0000000082400000|  0%| F|  |TAMS 0x0000000082300000, 0x0000000082300000| Untracked 
|  36|0x0000000082400000, 0x0000000082400000, 0x0000000082500000|  0%| F|  |TAMS 0x0000000082400000, 0x0000000082400000| Untracked 
|  37|0x0000000082500000, 0x0000000082500000, 0x0000000082600000|  0%| F|  |TAMS 0x0000000082500000, 0x0000000082500000| Untracked 
|  38|0x0000000082600000, 0x0000000082600000, 0x0000000082700000|  0%| F|  |TAMS 0x0000000082600000, 0x0000000082600000| Untracked 
|  39|0x0000000082700000, 0x0000000082700000, 0x0000000082800000|  0%| F|  |TAMS 0x0000000082700000, 0x0000000082700000| Untracked 
|  40|0x0000000082800000, 0x0000000082800000, 0x0000000082900000|  0%| F|  |TAMS 0x0000000082800000, 0x0000000082800000| Untracked 
|  41|0x0000000082900000, 0x0000000082900000, 0x0000000082a00000|  0%| F|  |TAMS 0x0000000082900000, 0x0000000082900000| Untracked 
|  42|0x0000000082a00000, 0x0000000082a00000, 0x0000000082b00000|  0%| F|  |TAMS 0x0000000082a00000, 0x0000000082a00000| Untracked 
|  43|0x0000000082b00000, 0x0000000082b00000, 0x0000000082c00000|  0%| F|  |TAMS 0x0000000082b00000, 0x0000000082b00000| Untracked 
|  44|0x0000000082c00000, 0x0000000082c00000, 0x0000000082d00000|  0%| F|  |TAMS 0x0000000082c00000, 0x0000000082c00000| Untracked 
|  45|0x0000000082d00000, 0x0000000082d00000, 0x0000000082e00000|  0%| F|  |TAMS 0x0000000082d00000, 0x0000000082d00000| Untracked 
|  46|0x0000000082e00000, 0x0000000082e00000, 0x0000000082f00000|  0%| F|  |TAMS 0x0000000082e00000, 0x0000000082e00000| Untracked 
|  47|0x0000000082f00000, 0x0000000082f00000, 0x0000000083000000|  0%| F|  |TAMS 0x0000000082f00000, 0x0000000082f00000| Untracked 
|  48|0x0000000083000000, 0x0000000083000000, 0x0000000083100000|  0%| F|  |TAMS 0x0000000083000000, 0x0000000083000000| Untracked 
|  49|0x0000000083100000, 0x0000000083100000, 0x0000000083200000|  0%| F|  |TAMS 0x0000000083100000, 0x0000000083100000| Untracked 
|  50|0x0000000083200000, 0x0000000083200000, 0x0000000083300000|  0%| F|  |TAMS 0x0000000083200000, 0x0000000083200000| Untracked 
|  51|0x0000000083300000, 0x0000000083300000, 0x0000000083400000|  0%| F|  |TAMS 0x0000000083300000, 0x0000000083300000| Untracked 
|  52|0x0000000083400000, 0x0000000083400000, 0x0000000083500000|  0%| F|  |TAMS 0x0000000083400000, 0x0000000083400000| Untracked 
|  53|0x0000000083500000, 0x0000000083500000, 0x0000000083600000|  0%| F|  |TAMS 0x0000000083500000, 0x0000000083500000| Untracked 
|  54|0x0000000083600000, 0x0000000083600000, 0x0000000083700000|  0%| F|  |TAMS 0x0000000083600000, 0x0000000083600000| Untracked 
|  55|0x0000000083700000, 0x0000000083700000, 0x0000000083800000|  0%| F|  |TAMS 0x0000000083700000, 0x0000000083700000| Untracked 
|  56|0x0000000083800000, 0x0000000083800000, 0x0000000083900000|  0%| F|  |TAMS 0x0000000083800000, 0x0000000083800000| Untracked 
|  57|0x0000000083900000, 0x0000000083900000, 0x0000000083a00000|  0%| F|  |TAMS 0x0000000083900000, 0x0000000083900000| Untracked 
|  58|0x0000000083a00000, 0x0000000083a00000, 0x0000000083b00000|  0%| F|  |TAMS 0x0000000083a00000, 0x0000000083a00000| Untracked 
|  59|0x0000000083b00000, 0x0000000083b00000, 0x0000000083c00000|  0%| F|  |TAMS 0x0000000083b00000, 0x0000000083b00000| Untracked 
|  60|0x0000000083c00000, 0x0000000083c00000, 0x0000000083d00000|  0%| F|  |TAMS 0x0000000083c00000, 0x0000000083c00000| Untracked 
|  61|0x0000000083d00000, 0x0000000083d00000, 0x0000000083e00000|  0%| F|  |TAMS 0x0000000083d00000, 0x0000000083d00000| Untracked 
|  62|0x0000000083e00000, 0x0000000083e00000, 0x0000000083f00000|  0%| F|  |TAMS 0x0000000083e00000, 0x0000000083e00000| Untracked 
|  63|0x0000000083f00000, 0x0000000083f00000, 0x0000000084000000|  0%| F|  |TAMS 0x0000000083f00000, 0x0000000083f00000| Untracked 
|  64|0x0000000084000000, 0x0000000084000000, 0x0000000084100000|  0%| F|  |TAMS 0x0000000084000000, 0x0000000084000000| Untracked 
|  65|0x0000000084100000, 0x0000000084100000, 0x0000000084200000|  0%| F|  |TAMS 0x0000000084100000, 0x0000000084100000| Untracked 
|  66|0x0000000084200000, 0x0000000084200000, 0x0000000084300000|  0%| F|  |TAMS 0x0000000084200000, 0x0000000084200000| Untracked 
|  67|0x0000000084300000, 0x0000000084300000, 0x0000000084400000|  0%| F|  |TAMS 0x0000000084300000, 0x0000000084300000| Untracked 
|  68|0x0000000084400000, 0x0000000084400000, 0x0000000084500000|  0%| F|  |TAMS 0x0000000084400000, 0x0000000084400000| Untracked 
|  69|0x0000000084500000, 0x0000000084500000, 0x0000000084600000|  0%| F|  |TAMS 0x0000000084500000, 0x0000000084500000| Untracked 
|  70|0x0000000084600000, 0x0000000084600000, 0x0000000084700000|  0%| F|  |TAMS 0x0000000084600000, 0x0000000084600000| Untracked 
|  71|0x0000000084700000, 0x0000000084700000, 0x0000000084800000|  0%| F|  |TAMS 0x0000000084700000, 0x0000000084700000| Untracked 
|  72|0x0000000084800000, 0x0000000084800000, 0x0000000084900000|  0%| F|  |TAMS 0x0000000084800000, 0x0000000084800000| Untracked 
|  73|0x0000000084900000, 0x0000000084900000, 0x0000000084a00000|  0%| F|  |TAMS 0x0000000084900000, 0x0000000084900000| Untracked 
|  74|0x0000000084a00000, 0x0000000084a00000, 0x0000000084b00000|  0%| F|  |TAMS 0x0000000084a00000, 0x0000000084a00000| Untracked 
|  75|0x0000000084b00000, 0x0000000084b00000, 0x0000000084c00000|  0%| F|  |TAMS 0x0000000084b00000, 0x0000000084b00000| Untracked 
|  76|0x0000000084c00000, 0x0000000084c00000, 0x0000000084d00000|  0%| F|  |TAMS 0x0000000084c00000, 0x0000000084c00000| Untracked 
|  77|0x0000000084d00000, 0x0000000084d00000, 0x0000000084e00000|  0%| F|  |TAMS 0x0000000084d00000, 0x0000000084d00000| Untracked 
|  78|0x0000000084e00000, 0x0000000084e00000, 0x0000000084f00000|  0%| F|  |TAMS 0x0000000084e00000, 0x0000000084e00000| Untracked 
|  79|0x0000000084f00000, 0x0000000084f00000, 0x0000000085000000|  0%| F|  |TAMS 0x0000000084f00000, 0x0000000084f00000| Untracked 
|  80|0x0000000085000000, 0x0000000085000000, 0x0000000085100000|  0%| F|  |TAMS 0x0000000085000000, 0x0000000085000000| Untracked 
|  81|0x0000000085100000, 0x0000000085100000, 0x0000000085200000|  0%| F|  |TAMS 0x0000000085100000, 0x0000000085100000| Untracked 
|  82|0x0000000085200000, 0x0000000085200000, 0x0000000085300000|  0%| F|  |TAMS 0x0000000085200000, 0x0000000085200000| Untracked 
|  83|0x0000000085300000, 0x0000000085300000, 0x0000000085400000|  0%| F|  |TAMS 0x0000000085300000, 0x0000000085300000| Untracked 
|  84|0x0000000085400000, 0x0000000085400000, 0x0000000085500000|  0%| F|  |TAMS 0x0000000085400000, 0x0000000085400000| Untracked 
|  85|0x0000000085500000, 0x0000000085500000, 0x0000000085600000|  0%| F|  |TAMS 0x0000000085500000, 0x0000000085500000| Untracked 
|  86|0x0000000085600000, 0x0000000085600000, 0x0000000085700000|  0%| F|  |TAMS 0x0000000085600000, 0x0000000085600000| Untracked 
|  87|0x0000000085700000, 0x0000000085700000, 0x0000000085800000|  0%| F|  |TAMS 0x0000000085700000, 0x0000000085700000| Untracked 
|  88|0x0000000085800000, 0x0000000085800000, 0x0000000085900000|  0%| F|  |TAMS 0x0000000085800000, 0x0000000085800000| Untracked 
|  89|0x0000000085900000, 0x0000000085900000, 0x0000000085a00000|  0%| F|  |TAMS 0x0000000085900000, 0x0000000085900000| Untracked 
|  90|0x0000000085a00000, 0x0000000085a00000, 0x0000000085b00000|  0%| F|  |TAMS 0x0000000085a00000, 0x0000000085a00000| Untracked 
|  91|0x0000000085b00000, 0x0000000085b00000, 0x0000000085c00000|  0%| F|  |TAMS 0x0000000085b00000, 0x0000000085b00000| Untracked 
|  92|0x0000000085c00000, 0x0000000085c00000, 0x0000000085d00000|  0%| F|  |TAMS 0x0000000085c00000, 0x0000000085c00000| Untracked 
|  93|0x0000000085d00000, 0x0000000085d00000, 0x0000000085e00000|  0%| F|  |TAMS 0x0000000085d00000, 0x0000000085d00000| Untracked 
|  94|0x0000000085e00000, 0x0000000085e00000, 0x0000000085f00000|  0%| F|  |TAMS 0x0000000085e00000, 0x0000000085e00000| Untracked 
|  95|0x0000000085f00000, 0x0000000085f00000, 0x0000000086000000|  0%| F|  |TAMS 0x0000000085f00000, 0x0000000085f00000| Untracked 
|  96|0x0000000086000000, 0x0000000086000000, 0x0000000086100000|  0%| F|  |TAMS 0x0000000086000000, 0x0000000086000000| Untracked 
|  97|0x0000000086100000, 0x0000000086100000, 0x0000000086200000|  0%| F|  |TAMS 0x0000000086100000, 0x0000000086100000| Untracked 
|  98|0x0000000086200000, 0x0000000086200000, 0x0000000086300000|  0%| F|  |TAMS 0x0000000086200000, 0x0000000086200000| Untracked 
|  99|0x0000000086300000, 0x0000000086300000, 0x0000000086400000|  0%| F|  |TAMS 0x0000000086300000, 0x0000000086300000| Untracked 
| 100|0x0000000086400000, 0x0000000086400000, 0x0000000086500000|  0%| F|  |TAMS 0x0000000086400000, 0x0000000086400000| Untracked 
| 101|0x0000000086500000, 0x0000000086500000, 0x0000000086600000|  0%| F|  |TAMS 0x0000000086500000, 0x0000000086500000| Untracked 
| 102|0x0000000086600000, 0x0000000086600000, 0x0000000086700000|  0%| F|  |TAMS 0x0000000086600000, 0x0000000086600000| Untracked 
| 103|0x0000000086700000, 0x0000000086700000, 0x0000000086800000|  0%| F|  |TAMS 0x0000000086700000, 0x0000000086700000| Untracked 
| 104|0x0000000086800000, 0x0000000086800000, 0x0000000086900000|  0%| F|  |TAMS 0x0000000086800000, 0x0000000086800000| Untracked 
| 105|0x0000000086900000, 0x0000000086900000, 0x0000000086a00000|  0%| F|  |TAMS 0x0000000086900000, 0x0000000086900000| Untracked 
| 106|0x0000000086a00000, 0x0000000086a00000, 0x0000000086b00000|  0%| F|  |TAMS 0x0000000086a00000, 0x0000000086a00000| Untracked 
| 107|0x0000000086b00000, 0x0000000086b00000, 0x0000000086c00000|  0%| F|  |TAMS 0x0000000086b00000, 0x0000000086b00000| Untracked 
| 108|0x0000000086c00000, 0x0000000086c00000, 0x0000000086d00000|  0%| F|  |TAMS 0x0000000086c00000, 0x0000000086c00000| Untracked 
| 109|0x0000000086d00000, 0x0000000086d00000, 0x0000000086e00000|  0%| F|  |TAMS 0x0000000086d00000, 0x0000000086d00000| Untracked 
| 110|0x0000000086e00000, 0x0000000086e00000, 0x0000000086f00000|  0%| F|  |TAMS 0x0000000086e00000, 0x0000000086e00000| Untracked 
| 111|0x0000000086f00000, 0x0000000086f00000, 0x0000000087000000|  0%| F|  |TAMS 0x0000000086f00000, 0x0000000086f00000| Untracked 
| 112|0x0000000087000000, 0x0000000087000000, 0x0000000087100000|  0%| F|  |TAMS 0x0000000087000000, 0x0000000087000000| Untracked 
| 113|0x0000000087100000, 0x0000000087100000, 0x0000000087200000|  0%| F|  |TAMS 0x0000000087100000, 0x0000000087100000| Untracked 
| 114|0x0000000087200000, 0x0000000087200000, 0x0000000087300000|  0%| F|  |TAMS 0x0000000087200000, 0x0000000087200000| Untracked 
| 115|0x0000000087300000, 0x0000000087300000, 0x0000000087400000|  0%| F|  |TAMS 0x0000000087300000, 0x0000000087300000| Untracked 
| 116|0x0000000087400000, 0x0000000087400000, 0x0000000087500000|  0%| F|  |TAMS 0x0000000087400000, 0x0000000087400000| Untracked 
| 117|0x0000000087500000, 0x0000000087500000, 0x0000000087600000|  0%| F|  |TAMS 0x0000000087500000, 0x0000000087500000| Untracked 
| 118|0x0000000087600000, 0x0000000087600000, 0x0000000087700000|  0%| F|  |TAMS 0x0000000087600000, 0x0000000087600000| Untracked 
| 119|0x0000000087700000, 0x0000000087700000, 0x0000000087800000|  0%| F|  |TAMS 0x0000000087700000, 0x0000000087700000| Untracked 
| 120|0x0000000087800000, 0x0000000087800000, 0x0000000087900000|  0%| F|  |TAMS 0x0000000087800000, 0x0000000087800000| Untracked 
| 121|0x0000000087900000, 0x0000000087900000, 0x0000000087a00000|  0%| F|  |TAMS 0x0000000087900000, 0x0000000087900000| Untracked 
| 122|0x0000000087a00000, 0x0000000087a00000, 0x0000000087b00000|  0%| F|  |TAMS 0x0000000087a00000, 0x0000000087a00000| Untracked 
| 123|0x0000000087b00000, 0x0000000087b00000, 0x0000000087c00000|  0%| F|  |TAMS 0x0000000087b00000, 0x0000000087b00000| Untracked 
| 124|0x0000000087c00000, 0x0000000087c00000, 0x0000000087d00000|  0%| F|  |TAMS 0x0000000087c00000, 0x0000000087c00000| Untracked 
| 125|0x0000000087d00000, 0x0000000087d00000, 0x0000000087e00000|  0%| F|  |TAMS 0x0000000087d00000, 0x0000000087d00000| Untracked 
| 126|0x0000000087e00000, 0x0000000087e00000, 0x0000000087f00000|  0%| F|  |TAMS 0x0000000087e00000, 0x0000000087e00000| Untracked 
| 127|0x0000000087f00000, 0x0000000087f00000, 0x0000000088000000|  0%| F|  |TAMS 0x0000000087f00000, 0x0000000087f00000| Untracked 
| 128|0x0000000088000000, 0x0000000088000000, 0x0000000088100000|  0%| F|  |TAMS 0x0000000088000000, 0x0000000088000000| Untracked 
| 129|0x0000000088100000, 0x0000000088100000, 0x0000000088200000|  0%| F|  |TAMS 0x0000000088100000, 0x0000000088100000| Untracked 
| 130|0x0000000088200000, 0x0000000088200000, 0x0000000088300000|  0%| F|  |TAMS 0x0000000088200000, 0x0000000088200000| Untracked 
| 131|0x0000000088300000, 0x0000000088300000, 0x0000000088400000|  0%| F|  |TAMS 0x0000000088300000, 0x0000000088300000| Untracked 
| 132|0x0000000088400000, 0x0000000088400000, 0x0000000088500000|  0%| F|  |TAMS 0x0000000088400000, 0x0000000088400000| Untracked 
| 133|0x0000000088500000, 0x0000000088500000, 0x0000000088600000|  0%| F|  |TAMS 0x0000000088500000, 0x0000000088500000| Untracked 
| 134|0x0000000088600000, 0x0000000088600000, 0x0000000088700000|  0%| F|  |TAMS 0x0000000088600000, 0x0000000088600000| Untracked 
| 135|0x0000000088700000, 0x0000000088700000, 0x0000000088800000|  0%| F|  |TAMS 0x0000000088700000, 0x0000000088700000| Untracked 
| 136|0x0000000088800000, 0x0000000088800000, 0x0000000088900000|  0%| F|  |TAMS 0x0000000088800000, 0x0000000088800000| Untracked 
| 137|0x0000000088900000, 0x0000000088900000, 0x0000000088a00000|  0%| F|  |TAMS 0x0000000088900000, 0x0000000088900000| Untracked 
| 138|0x0000000088a00000, 0x0000000088a00000, 0x0000000088b00000|  0%| F|  |TAMS 0x0000000088a00000, 0x0000000088a00000| Untracked 
| 139|0x0000000088b00000, 0x0000000088b00000, 0x0000000088c00000|  0%| F|  |TAMS 0x0000000088b00000, 0x0000000088b00000| Untracked 
| 140|0x0000000088c00000, 0x0000000088c00000, 0x0000000088d00000|  0%| F|  |TAMS 0x0000000088c00000, 0x0000000088c00000| Untracked 
| 141|0x0000000088d00000, 0x0000000088d00000, 0x0000000088e00000|  0%| F|  |TAMS 0x0000000088d00000, 0x0000000088d00000| Untracked 
| 142|0x0000000088e00000, 0x0000000088e00000, 0x0000000088f00000|  0%| F|  |TAMS 0x0000000088e00000, 0x0000000088e00000| Untracked 
| 143|0x0000000088f00000, 0x0000000088f00000, 0x0000000089000000|  0%| F|  |TAMS 0x0000000088f00000, 0x0000000088f00000| Untracked 
| 144|0x0000000089000000, 0x0000000089000000, 0x0000000089100000|  0%| F|  |TAMS 0x0000000089000000, 0x0000000089000000| Untracked 
| 145|0x0000000089100000, 0x0000000089100000, 0x0000000089200000|  0%| F|  |TAMS 0x0000000089100000, 0x0000000089100000| Untracked 
| 146|0x0000000089200000, 0x0000000089200000, 0x0000000089300000|  0%| F|  |TAMS 0x0000000089200000, 0x0000000089200000| Untracked 
| 147|0x0000000089300000, 0x0000000089300000, 0x0000000089400000|  0%| F|  |TAMS 0x0000000089300000, 0x0000000089300000| Untracked 
| 148|0x0000000089400000, 0x0000000089400000, 0x0000000089500000|  0%| F|  |TAMS 0x0000000089400000, 0x0000000089400000| Untracked 
| 149|0x0000000089500000, 0x0000000089500000, 0x0000000089600000|  0%| F|  |TAMS 0x0000000089500000, 0x0000000089500000| Untracked 
| 150|0x0000000089600000, 0x0000000089600000, 0x0000000089700000|  0%| F|  |TAMS 0x0000000089600000, 0x0000000089600000| Untracked 
| 151|0x0000000089700000, 0x0000000089700000, 0x0000000089800000|  0%| F|  |TAMS 0x0000000089700000, 0x0000000089700000| Untracked 
| 152|0x0000000089800000, 0x0000000089800000, 0x0000000089900000|  0%| F|  |TAMS 0x0000000089800000, 0x0000000089800000| Untracked 
| 153|0x0000000089900000, 0x0000000089900000, 0x0000000089a00000|  0%| F|  |TAMS 0x0000000089900000, 0x0000000089900000| Untracked 
| 154|0x0000000089a00000, 0x0000000089a00000, 0x0000000089b00000|  0%| F|  |TAMS 0x0000000089a00000, 0x0000000089a00000| Untracked 
| 155|0x0000000089b00000, 0x0000000089b00000, 0x0000000089c00000|  0%| F|  |TAMS 0x0000000089b00000, 0x0000000089b00000| Untracked 
| 156|0x0000000089c00000, 0x0000000089c00000, 0x0000000089d00000|  0%| F|  |TAMS 0x0000000089c00000, 0x0000000089c00000| Untracked 
| 157|0x0000000089d00000, 0x0000000089d00000, 0x0000000089e00000|  0%| F|  |TAMS 0x0000000089d00000, 0x0000000089d00000| Untracked 
| 158|0x0000000089e00000, 0x0000000089e00000, 0x0000000089f00000|  0%| F|  |TAMS 0x0000000089e00000, 0x0000000089e00000| Untracked 
| 159|0x0000000089f00000, 0x0000000089f00000, 0x000000008a000000|  0%| F|  |TAMS 0x0000000089f00000, 0x0000000089f00000| Untracked 
| 160|0x000000008a000000, 0x000000008a000000, 0x000000008a100000|  0%| F|  |TAMS 0x000000008a000000, 0x000000008a000000| Untracked 
| 161|0x000000008a100000, 0x000000008a100000, 0x000000008a200000|  0%| F|  |TAMS 0x000000008a100000, 0x000000008a100000| Untracked 
| 162|0x000000008a200000, 0x000000008a200000, 0x000000008a300000|  0%| F|  |TAMS 0x000000008a200000, 0x000000008a200000| Untracked 
| 163|0x000000008a300000, 0x000000008a300000, 0x000000008a400000|  0%| F|  |TAMS 0x000000008a300000, 0x000000008a300000| Untracked 
| 164|0x000000008a400000, 0x000000008a400000, 0x000000008a500000|  0%| F|  |TAMS 0x000000008a400000, 0x000000008a400000| Untracked 
| 165|0x000000008a500000, 0x000000008a500000, 0x000000008a600000|  0%| F|  |TAMS 0x000000008a500000, 0x000000008a500000| Untracked 
| 166|0x000000008a600000, 0x000000008a600000, 0x000000008a700000|  0%| F|  |TAMS 0x000000008a600000, 0x000000008a600000| Untracked 
| 167|0x000000008a700000, 0x000000008a700000, 0x000000008a800000|  0%| F|  |TAMS 0x000000008a700000, 0x000000008a700000| Untracked 
| 168|0x000000008a800000, 0x000000008a800000, 0x000000008a900000|  0%| F|  |TAMS 0x000000008a800000, 0x000000008a800000| Untracked 
| 169|0x000000008a900000, 0x000000008a900000, 0x000000008aa00000|  0%| F|  |TAMS 0x000000008a900000, 0x000000008a900000| Untracked 
| 170|0x000000008aa00000, 0x000000008aa00000, 0x000000008ab00000|  0%| F|  |TAMS 0x000000008aa00000, 0x000000008aa00000| Untracked 
| 171|0x000000008ab00000, 0x000000008ab00000, 0x000000008ac00000|  0%| F|  |TAMS 0x000000008ab00000, 0x000000008ab00000| Untracked 
| 172|0x000000008ac00000, 0x000000008ac00000, 0x000000008ad00000|  0%| F|  |TAMS 0x000000008ac00000, 0x000000008ac00000| Untracked 
| 173|0x000000008ad00000, 0x000000008ad00000, 0x000000008ae00000|  0%| F|  |TAMS 0x000000008ad00000, 0x000000008ad00000| Untracked 
| 174|0x000000008ae00000, 0x000000008ae00000, 0x000000008af00000|  0%| F|  |TAMS 0x000000008ae00000, 0x000000008ae00000| Untracked 
| 175|0x000000008af00000, 0x000000008af00000, 0x000000008b000000|  0%| F|  |TAMS 0x000000008af00000, 0x000000008af00000| Untracked 
| 176|0x000000008b000000, 0x000000008b000000, 0x000000008b100000|  0%| F|  |TAMS 0x000000008b000000, 0x000000008b000000| Untracked 
| 177|0x000000008b100000, 0x000000008b100000, 0x000000008b200000|  0%| F|  |TAMS 0x000000008b100000, 0x000000008b100000| Untracked 
| 178|0x000000008b200000, 0x000000008b200000, 0x000000008b300000|  0%| F|  |TAMS 0x000000008b200000, 0x000000008b200000| Untracked 
| 179|0x000000008b300000, 0x000000008b300000, 0x000000008b400000|  0%| F|  |TAMS 0x000000008b300000, 0x000000008b300000| Untracked 
| 180|0x000000008b400000, 0x000000008b400000, 0x000000008b500000|  0%| F|  |TAMS 0x000000008b400000, 0x000000008b400000| Untracked 
| 181|0x000000008b500000, 0x000000008b500000, 0x000000008b600000|  0%| F|  |TAMS 0x000000008b500000, 0x000000008b500000| Untracked 
| 182|0x000000008b600000, 0x000000008b600000, 0x000000008b700000|  0%| F|  |TAMS 0x000000008b600000, 0x000000008b600000| Untracked 
| 183|0x000000008b700000, 0x000000008b700000, 0x000000008b800000|  0%| F|  |TAMS 0x000000008b700000, 0x000000008b700000| Untracked 
| 184|0x000000008b800000, 0x000000008b800000, 0x000000008b900000|  0%| F|  |TAMS 0x000000008b800000, 0x000000008b800000| Untracked 
| 185|0x000000008b900000, 0x000000008b900000, 0x000000008ba00000|  0%| F|  |TAMS 0x000000008b900000, 0x000000008b900000| Untracked 
| 186|0x000000008ba00000, 0x000000008ba00000, 0x000000008bb00000|  0%| F|  |TAMS 0x000000008ba00000, 0x000000008ba00000| Untracked 
| 187|0x000000008bb00000, 0x000000008bb00000, 0x000000008bc00000|  0%| F|  |TAMS 0x000000008bb00000, 0x000000008bb00000| Untracked 
| 188|0x000000008bc00000, 0x000000008bc00000, 0x000000008bd00000|  0%| F|  |TAMS 0x000000008bc00000, 0x000000008bc00000| Untracked 
| 189|0x000000008bd00000, 0x000000008bd00000, 0x000000008be00000|  0%| F|  |TAMS 0x000000008bd00000, 0x000000008bd00000| Untracked 
| 190|0x000000008be00000, 0x000000008be00000, 0x000000008bf00000|  0%| F|  |TAMS 0x000000008be00000, 0x000000008be00000| Untracked 
| 191|0x000000008bf00000, 0x000000008bf00000, 0x000000008c000000|  0%| F|  |TAMS 0x000000008bf00000, 0x000000008bf00000| Untracked 
| 192|0x000000008c000000, 0x000000008c000000, 0x000000008c100000|  0%| F|  |TAMS 0x000000008c000000, 0x000000008c000000| Untracked 
| 193|0x000000008c100000, 0x000000008c100000, 0x000000008c200000|  0%| F|  |TAMS 0x000000008c100000, 0x000000008c100000| Untracked 
| 194|0x000000008c200000, 0x000000008c200000, 0x000000008c300000|  0%| F|  |TAMS 0x000000008c200000, 0x000000008c200000| Untracked 
| 195|0x000000008c300000, 0x000000008c300000, 0x000000008c400000|  0%| F|  |TAMS 0x000000008c300000, 0x000000008c300000| Untracked 
| 196|0x000000008c400000, 0x000000008c400000, 0x000000008c500000|  0%| F|  |TAMS 0x000000008c400000, 0x000000008c400000| Untracked 
| 197|0x000000008c500000, 0x000000008c500000, 0x000000008c600000|  0%| F|  |TAMS 0x000000008c500000, 0x000000008c500000| Untracked 
| 198|0x000000008c600000, 0x000000008c600000, 0x000000008c700000|  0%| F|  |TAMS 0x000000008c600000, 0x000000008c600000| Untracked 
| 199|0x000000008c700000, 0x000000008c700000, 0x000000008c800000|  0%| F|  |TAMS 0x000000008c700000, 0x000000008c700000| Untracked 
| 200|0x000000008c800000, 0x000000008c800000, 0x000000008c900000|  0%| F|  |TAMS 0x000000008c800000, 0x000000008c800000| Untracked 
| 201|0x000000008c900000, 0x000000008c900000, 0x000000008ca00000|  0%| F|  |TAMS 0x000000008c900000, 0x000000008c900000| Untracked 
| 202|0x000000008ca00000, 0x000000008ca00000, 0x000000008cb00000|  0%| F|  |TAMS 0x000000008ca00000, 0x000000008ca00000| Untracked 
| 203|0x000000008cb00000, 0x000000008cb00000, 0x000000008cc00000|  0%| F|  |TAMS 0x000000008cb00000, 0x000000008cb00000| Untracked 
| 204|0x000000008cc00000, 0x000000008cc00000, 0x000000008cd00000|  0%| F|  |TAMS 0x000000008cc00000, 0x000000008cc00000| Untracked 
| 205|0x000000008cd00000, 0x000000008cd00000, 0x000000008ce00000|  0%| F|  |TAMS 0x000000008cd00000, 0x000000008cd00000| Untracked 
| 206|0x000000008ce00000, 0x000000008ce00000, 0x000000008cf00000|  0%| F|  |TAMS 0x000000008ce00000, 0x000000008ce00000| Untracked 
| 207|0x000000008cf00000, 0x000000008cf00000, 0x000000008d000000|  0%| F|  |TAMS 0x000000008cf00000, 0x000000008cf00000| Untracked 
| 208|0x000000008d000000, 0x000000008d000000, 0x000000008d100000|  0%| F|  |TAMS 0x000000008d000000, 0x000000008d000000| Untracked 
| 209|0x000000008d100000, 0x000000008d100000, 0x000000008d200000|  0%| F|  |TAMS 0x000000008d100000, 0x000000008d100000| Untracked 
| 210|0x000000008d200000, 0x000000008d200000, 0x000000008d300000|  0%| F|  |TAMS 0x000000008d200000, 0x000000008d200000| Untracked 
| 211|0x000000008d300000, 0x000000008d300000, 0x000000008d400000|  0%| F|  |TAMS 0x000000008d300000, 0x000000008d300000| Untracked 
| 212|0x000000008d400000, 0x000000008d400000, 0x000000008d500000|  0%| F|  |TAMS 0x000000008d400000, 0x000000008d400000| Untracked 
| 213|0x000000008d500000, 0x000000008d500000, 0x000000008d600000|  0%| F|  |TAMS 0x000000008d500000, 0x000000008d500000| Untracked 
| 214|0x000000008d600000, 0x000000008d600000, 0x000000008d700000|  0%| F|  |TAMS 0x000000008d600000, 0x000000008d600000| Untracked 
| 215|0x000000008d700000, 0x000000008d700000, 0x000000008d800000|  0%| F|  |TAMS 0x000000008d700000, 0x000000008d700000| Untracked 
| 216|0x000000008d800000, 0x000000008d800000, 0x000000008d900000|  0%| F|  |TAMS 0x000000008d800000, 0x000000008d800000| Untracked 
| 217|0x000000008d900000, 0x000000008d900000, 0x000000008da00000|  0%| F|  |TAMS 0x000000008d900000, 0x000000008d900000| Untracked 
| 218|0x000000008da00000, 0x000000008da00000, 0x000000008db00000|  0%| F|  |TAMS 0x000000008da00000, 0x000000008da00000| Untracked 
| 219|0x000000008db00000, 0x000000008db00000, 0x000000008dc00000|  0%| F|  |TAMS 0x000000008db00000, 0x000000008db00000| Untracked 
| 220|0x000000008dc00000, 0x000000008dc00000, 0x000000008dd00000|  0%| F|  |TAMS 0x000000008dc00000, 0x000000008dc00000| Untracked 
| 221|0x000000008dd00000, 0x000000008dd00000, 0x000000008de00000|  0%| F|  |TAMS 0x000000008dd00000, 0x000000008dd00000| Untracked 
| 222|0x000000008de00000, 0x000000008de00000, 0x000000008df00000|  0%| F|  |TAMS 0x000000008de00000, 0x000000008de00000| Untracked 
| 223|0x000000008df00000, 0x000000008df00000, 0x000000008e000000|  0%| F|  |TAMS 0x000000008df00000, 0x000000008df00000| Untracked 
| 224|0x000000008e000000, 0x000000008e000000, 0x000000008e100000|  0%| F|  |TAMS 0x000000008e000000, 0x000000008e000000| Untracked 
| 225|0x000000008e100000, 0x000000008e100000, 0x000000008e200000|  0%| F|  |TAMS 0x000000008e100000, 0x000000008e100000| Untracked 
| 226|0x000000008e200000, 0x000000008e200000, 0x000000008e300000|  0%| F|  |TAMS 0x000000008e200000, 0x000000008e200000| Untracked 
| 227|0x000000008e300000, 0x000000008e300000, 0x000000008e400000|  0%| F|  |TAMS 0x000000008e300000, 0x000000008e300000| Untracked 
| 228|0x000000008e400000, 0x000000008e4c3ea0, 0x000000008e500000| 76%| E|  |TAMS 0x000000008e400000, 0x000000008e400000| Complete 
| 229|0x000000008e500000, 0x000000008e600000, 0x000000008e600000|100%| E|CS|TAMS 0x000000008e500000, 0x000000008e500000| Complete 
| 230|0x000000008e600000, 0x000000008e700000, 0x000000008e700000|100%| S|CS|TAMS 0x000000008e600000, 0x000000008e600000| Complete 
| 231|0x000000008e700000, 0x000000008e800000, 0x000000008e800000|100%| S|CS|TAMS 0x000000008e700000, 0x000000008e700000| Complete 
| 232|0x000000008e800000, 0x000000008e900000, 0x000000008e900000|100%| S|CS|TAMS 0x000000008e800000, 0x000000008e800000| Complete 
| 233|0x000000008e900000, 0x000000008ea00000, 0x000000008ea00000|100%| E|CS|TAMS 0x000000008e900000, 0x000000008e900000| Complete 
| 234|0x000000008ea00000, 0x000000008eb00000, 0x000000008eb00000|100%| E|CS|TAMS 0x000000008ea00000, 0x000000008ea00000| Complete 
| 235|0x000000008eb00000, 0x000000008ec00000, 0x000000008ec00000|100%| E|CS|TAMS 0x000000008eb00000, 0x000000008eb00000| Complete 
| 236|0x000000008ec00000, 0x000000008ed00000, 0x000000008ed00000|100%| E|CS|TAMS 0x000000008ec00000, 0x000000008ec00000| Complete 
| 237|0x000000008ed00000, 0x000000008ee00000, 0x000000008ee00000|100%| E|CS|TAMS 0x000000008ed00000, 0x000000008ed00000| Complete 
| 238|0x000000008ee00000, 0x000000008ef00000, 0x000000008ef00000|100%| E|CS|TAMS 0x000000008ee00000, 0x000000008ee00000| Complete 
| 239|0x000000008ef00000, 0x000000008f000000, 0x000000008f000000|100%| E|CS|TAMS 0x000000008ef00000, 0x000000008ef00000| Complete 
| 240|0x000000008f000000, 0x000000008f100000, 0x000000008f100000|100%| E|CS|TAMS 0x000000008f000000, 0x000000008f000000| Complete 
| 241|0x000000008f100000, 0x000000008f200000, 0x000000008f200000|100%| E|CS|TAMS 0x000000008f100000, 0x000000008f100000| Complete 
| 242|0x000000008f200000, 0x000000008f300000, 0x000000008f300000|100%| E|CS|TAMS 0x000000008f200000, 0x000000008f200000| Complete 
| 243|0x000000008f300000, 0x000000008f400000, 0x000000008f400000|100%| E|CS|TAMS 0x000000008f300000, 0x000000008f300000| Complete 
| 244|0x000000008f400000, 0x000000008f500000, 0x000000008f500000|100%| E|CS|TAMS 0x000000008f400000, 0x000000008f400000| Complete 
| 245|0x000000008f500000, 0x000000008f600000, 0x000000008f600000|100%| E|CS|TAMS 0x000000008f500000, 0x000000008f500000| Complete 
| 246|0x000000008f600000, 0x000000008f700000, 0x000000008f700000|100%| E|CS|TAMS 0x000000008f600000, 0x000000008f600000| Complete 
| 247|0x000000008f700000, 0x000000008f800000, 0x000000008f800000|100%| E|CS|TAMS 0x000000008f700000, 0x000000008f700000| Complete 
| 248|0x000000008f800000, 0x000000008f900000, 0x000000008f900000|100%| E|CS|TAMS 0x000000008f800000, 0x000000008f800000| Complete 
| 249|0x000000008f900000, 0x000000008fa00000, 0x000000008fa00000|100%| E|CS|TAMS 0x000000008f900000, 0x000000008f900000| Complete 
| 250|0x000000008fa00000, 0x000000008fb00000, 0x000000008fb00000|100%| E|CS|TAMS 0x000000008fa00000, 0x000000008fa00000| Complete 
| 251|0x000000008fb00000, 0x000000008fc00000, 0x000000008fc00000|100%| E|CS|TAMS 0x000000008fb00000, 0x000000008fb00000| Complete 
| 252|0x000000008fc00000, 0x000000008fd00000, 0x000000008fd00000|100%| E|CS|TAMS 0x000000008fc00000, 0x000000008fc00000| Complete 
| 253|0x000000008fd00000, 0x000000008fe00000, 0x000000008fe00000|100%| E|CS|TAMS 0x000000008fd00000, 0x000000008fd00000| Complete 
| 254|0x000000008fe00000, 0x000000008ff00000, 0x000000008ff00000|100%| E|CS|TAMS 0x000000008fe00000, 0x000000008fe00000| Complete 
| 255|0x000000008ff00000, 0x0000000090000000, 0x0000000090000000|100%| E|CS|TAMS 0x000000008ff00000, 0x000000008ff00000| Complete 

Card table byte_map: [0x000002367ae40000,0x000002367b240000] _byte_map_base: 0x000002367aa40000

Marking Bits (Prev, Next): (CMBitMap*) 0x0000023676dcb6c0, (CMBitMap*) 0x0000023676dcb700
 Prev Bits: [0x000002367b640000, 0x000002367d640000)
 Next Bits: [0x000002367d640000, 0x000002367f640000)

Polling page: 0x0000023674d00000

Metaspace:

Usage:
  Non-class:     15.81 MB used.
      Class:      1.78 MB used.
       Both:     17.58 MB used.

Virtual space:
  Non-class space:       64.00 MB reserved,      15.94 MB ( 25%) committed,  1 nodes.
      Class space:        1.00 GB reserved,       1.94 MB ( <1%) committed,  1 nodes.
             Both:        1.06 GB reserved,      17.88 MB (  2%) committed. 

Chunk freelists:
   Non-Class:  15.76 MB
       Class:  14.00 MB
        Both:  29.77 MB

MaxMetaspaceSize: unlimited
CompressedClassSpaceSize: 1.00 GB
Initial GC threshold: 21.00 MB
Current GC threshold: 21.00 MB
CDS: off
MetaspaceReclaimPolicy: balanced
 - commit_granule_bytes: 65536.
 - commit_granule_words: 8192.
 - virtual_space_node_default_size: 8388608.
 - enlarge_chunks_in_place: 1.
 - new_chunks_are_fully_committed: 0.
 - uncommit_free_chunks: 1.
 - use_allocation_guard: 0.
 - handle_deallocations: 1.


Internal statistics:

num_allocs_failed_limit: 0.
num_arena_births: 398.
num_arena_deaths: 0.
num_vsnodes_births: 2.
num_vsnodes_deaths: 0.
num_space_committed: 286.
num_space_uncommitted: 0.
num_chunks_returned_to_freelist: 0.
num_chunks_taken_from_freelist: 751.
num_chunk_merges: 0.
num_chunk_splits: 415.
num_chunks_enlarged: 162.
num_inconsistent_stats: 0.

CodeHeap 'non-profiled nmethods': size=120000Kb used=1151Kb max_used=1151Kb free=118848Kb
 bounds [0x0000023607ad0000, 0x0000023607d40000, 0x000002360f000000]
CodeHeap 'profiled nmethods': size=120000Kb used=4678Kb max_used=4678Kb free=115321Kb
 bounds [0x0000023600000000, 0x00000236004a0000, 0x0000023607530000]
CodeHeap 'non-nmethods': size=5760Kb used=1188Kb max_used=1245Kb free=4571Kb
 bounds [0x0000023607530000, 0x00000236077a0000, 0x0000023607ad0000]
 total_blobs=2771 nmethods=2281 adapters=403
 compilation: enabled
              stopped_count=0, restarted_count=0
 full_count=0

Compilation events (20 events):
Event: 1065.879 Thread 0x00000236114e4520 nmethod 2274 0x000002360048b910 code [0x000002360048bcc0, 0x000002360048d778]
Event: 1074.878 Thread 0x00000236114e4520 2275   !   3       java.util.concurrent.FutureTask::run (123 bytes)
Event: 1074.880 Thread 0x00000236114e4520 nmethod 2275 0x000002360048e190 code [0x000002360048e620, 0x0000023600490c28]
Event: 1080.955 Thread 0x00000236114e2500 2276       4       java.lang.Thread::setContextClassLoader (28 bytes)
Event: 1080.956 Thread 0x00000236114e2500 nmethod 2276 0x0000023607bea510 code [0x0000023607bea680, 0x0000023607bea7f8]
Event: 1116.983 Thread 0x00000236114e2500 2278   !   4       java.nio.ByteBuffer::getArray (121 bytes)
Event: 1116.987 Thread 0x00000236114e2500 nmethod 2278 0x0000023607bea890 code [0x0000023607beaa20, 0x0000023607beae58]
Event: 1116.987 Thread 0x00000236114e2500 2277       4       java.nio.ByteBuffer::get (54 bytes)
Event: 1116.993 Thread 0x00000236114e2500 nmethod 2277 0x0000023607beb290 code [0x0000023607beb440, 0x0000023607bebad8]
Event: 1135.005 Thread 0x00000236114e2500 2279       4       java.lang.ThreadLocal$ThreadLocalMap::set (133 bytes)
Event: 1135.009 Thread 0x00000236114e2500 nmethod 2279 0x0000023607bec190 code [0x0000023607bec340, 0x0000023607bec8d8]
Event: 1135.009 Thread 0x00000236114e2500 2280       4       java.io.ObjectOutputStream$HandleTable::<init> (45 bytes)
Event: 1135.016 Thread 0x00000236114e2500 nmethod 2280 0x0000023607becb10 code [0x0000023607beccc0, 0x0000023607bed5b8]
Event: 1144.009 Thread 0x00000236114e2500 2281       4       java.lang.ThreadLocal::set (30 bytes)
Event: 1144.013 Thread 0x00000236114e2500 nmethod 2281 0x0000023607bed890 code [0x0000023607beda40, 0x0000023607bedff8]
Event: 1162.014 Thread 0x00000236114e2500 2282       4       sun.rmi.transport.Transport$$Lambda$77/0x000000010011bf60::run (8 bytes)
Event: 1162.016 Thread 0x00000236114e2500 nmethod 2282 0x0000023607bee210 code [0x0000023607bee3a0, 0x0000023607bee518]
Event: 1198.023 Thread 0x00000236114e2500 2283   !   4       java.io.ObjectInputStream$BlockDataInputStream::readUTFSpan (502 bytes)
Event: 1198.035 Thread 0x00000236114e2500 nmethod 2283 0x0000023607bee610 code [0x0000023607bee7c0, 0x0000023607bef548]
Event: 1216.026 Thread 0x00000236114e2500 2284       4       sun.rmi.transport.StreamRemoteCall::getInputStream (60 bytes)

GC Heap History (2 events):
Event: 89.888 GC heap before
{Heap before GC invocations=0 (full 0):
 garbage-first heap   total 262144K, used 24576K [0x0000000080000000, 0x0000000100000000)
  region size 1024K, 23 young (23552K), 0 survivors (0K)
 Metaspace       used 17088K, committed 17472K, reserved 1114112K
  class space    used 1772K, committed 1984K, reserved 1048576K
}
Event: 89.893 GC heap after
{Heap after GC invocations=1 (full 0):
 garbage-first heap   total 262144K, used 6627K [0x0000000080000000, 0x0000000100000000)
  region size 1024K, 3 young (3072K), 3 survivors (3072K)
 Metaspace       used 17088K, committed 17472K, reserved 1114112K
  class space    used 1772K, committed 1984K, reserved 1048576K
}

Dll operation events (2 events):
Event: 0.006 Loaded shared library C:\Program Files\JetBrains\PyCharm 2023.2.5\jbr\bin\java.dll
Event: 0.157 Loaded shared library C:\Program Files\JetBrains\PyCharm 2023.2.5\jbr\bin\verify.dll

Deoptimization events (20 events):
Event: 148.294 Thread 0x00000236162cf060 DEOPT PACKING pc=0x0000023607ba5e00 sp=0x000000e6ea1fe1f0
Event: 148.294 Thread 0x00000236162cf060 DEOPT UNPACKING pc=0x00000236075869a3 sp=0x000000e6ea1fe108 mode 2
Event: 153.610 Thread 0x00000236162cf060 DEOPT PACKING pc=0x00000236001de15d sp=0x000000e6ea1fda10
Event: 153.610 Thread 0x00000236162cf060 DEOPT UNPACKING pc=0x0000023607587143 sp=0x000000e6ea1fcef8 mode 0
Event: 453.606 Thread 0x00000236162cd200 Uncommon trap: trap_request=0xffffff45 fr.pc=0x0000023607bdb3e0 relative=0x0000000000001be0
Event: 453.606 Thread 0x00000236162cd200 Uncommon trap: reason=unstable_if action=reinterpret pc=0x0000023607bdb3e0 method=java.lang.ThreadLocal.get()Ljava/lang/Object; @ 11 c2
Event: 453.606 Thread 0x00000236162cd200 DEOPT PACKING pc=0x0000023607bdb3e0 sp=0x000000e6ea2ff010
Event: 453.606 Thread 0x00000236162cd200 DEOPT UNPACKING pc=0x00000236075869a3 sp=0x000000e6ea2fec40 mode 2
Event: 453.606 Thread 0x00000236162cd200 Uncommon trap: trap_request=0xffffff45 fr.pc=0x0000023607b70088 relative=0x00000000000000e8
Event: 453.606 Thread 0x00000236162cd200 Uncommon trap: reason=unstable_if action=reinterpret pc=0x0000023607b70088 method=java.lang.ThreadLocal$ThreadLocalMap.getEntry(Ljava/lang/ThreadLocal;)Ljava/lang/ThreadLocal$ThreadLocalMap$Entry; @ 21 c2
Event: 453.606 Thread 0x00000236162cd200 DEOPT PACKING pc=0x0000023607b70088 sp=0x000000e6ea2feb50
Event: 453.606 Thread 0x00000236162cd200 DEOPT UNPACKING pc=0x00000236075869a3 sp=0x000000e6ea2fea68 mode 2
Event: 453.606 Thread 0x00000236162cd200 Uncommon trap: trap_request=0xffffff45 fr.pc=0x0000023607b87d9c relative=0x000000000000017c
Event: 453.606 Thread 0x00000236162cd200 Uncommon trap: reason=unstable_if action=reinterpret pc=0x0000023607b87d9c method=sun.nio.ch.Util$BufferCache.get(I)Ljava/nio/ByteBuffer; @ 25 c2
Event: 453.606 Thread 0x00000236162cd200 DEOPT PACKING pc=0x0000023607b87d9c sp=0x000000e6ea2fec70
Event: 453.606 Thread 0x00000236162cd200 DEOPT UNPACKING pc=0x00000236075869a3 sp=0x000000e6ea2fec30 mode 2
Event: 453.606 Thread 0x00000236162cd200 Uncommon trap: trap_request=0xffffff45 fr.pc=0x0000023607bd7f88 relative=0x0000000000000888
Event: 453.606 Thread 0x00000236162cd200 Uncommon trap: reason=unstable_if action=reinterpret pc=0x0000023607bd7f88 method=sun.nio.ch.Util$BufferCache.get(I)Ljava/nio/ByteBuffer; @ 47 c2
Event: 453.606 Thread 0x00000236162cd200 DEOPT PACKING pc=0x0000023607bd7f88 sp=0x000000e6ea2febf0
Event: 453.606 Thread 0x00000236162cd200 DEOPT UNPACKING pc=0x00000236075869a3 sp=0x000000e6ea2feab8 mode 2

Classes unloaded (0 events):
No events

Classes redefined (0 events):
No events

Internal exceptions (20 events):
Event: 0.511 Thread 0x00000236162cd200 Exception <a 'java/lang/NoSuchMethodError'{0x000000008f6f6830}: 'java.lang.Object java.lang.invoke.DirectMethodHandle$Holder.newInvokeSpecial(java.lang.Object, java.lang.Object, int, java.lang.Object, long)'> (0x000000008f6f6830) 
thrown [s\src\hotspot\share\interpreter\linkResolver.cpp, line 771]
Event: 0.591 Thread 0x00000236162cf060 Exception <a 'java/lang/NoSuchMethodError'{0x000000008f3a8358}: 'java.lang.Object java.lang.invoke.DirectMethodHandle$Holder.invokeInterface(java.lang.Object, java.lang.Object)'> (0x000000008f3a8358) 
thrown [s\src\hotspot\share\interpreter\linkResolver.cpp, line 771]
Event: 0.659 Thread 0x00000236162cf060 Exception <a 'sun/nio/fs/WindowsException'{0x000000008f02b3e8}> (0x000000008f02b3e8) 
thrown [s\src\hotspot\share\prims\jni.cpp, line 517]
Event: 0.659 Thread 0x00000236162cf060 Exception <a 'sun/nio/fs/WindowsException'{0x000000008f02b9d8}> (0x000000008f02b9d8) 
thrown [s\src\hotspot\share\prims\jni.cpp, line 517]
Event: 0.663 Thread 0x00000236162cf060 Exception <a 'sun/nio/fs/WindowsException'{0x000000008f02dcc8}> (0x000000008f02dcc8) 
thrown [s\src\hotspot\share\prims\jni.cpp, line 517]
Event: 0.857 Thread 0x00000236162cf060 Exception <a 'java/lang/NoSuchMethodError'{0x000000008edc97a8}: static Lcom/intellij/database/remote/jdba/core/ConnectionInfo;.<clinit>()V> (0x000000008edc97a8) 
thrown [s\src\hotspot\share\prims\jni.cpp, line 1108]
Event: 0.857 Thread 0x00000236162cf060 Exception <a 'java/lang/NoSuchMethodError'{0x000000008edd3b90}: static Ljava/lang/Object;.<clinit>()V> (0x000000008edd3b90) 
thrown [s\src\hotspot\share\prims\jni.cpp, line 1108]
Event: 0.857 Thread 0x00000236162cf060 Exception <a 'java/lang/NoSuchMethodError'{0x000000008edd76e0}: static [I.<clinit>()V> (0x000000008edd76e0) 
thrown [s\src\hotspot\share\prims\jni.cpp, line 1108]
Event: 0.961 Thread 0x00000236162cf060 Exception <a 'java/lang/NoSuchMethodError'{0x000000008ea79500}: static Lcom/intellij/database/remote/jdba/core/ResultLayout;.<clinit>()V> (0x000000008ea79500) 
thrown [s\src\hotspot\share\prims\jni.cpp, line 1108]
Event: 0.962 Thread 0x00000236162cf060 Exception <a 'java/lang/NoSuchMethodError'{0x000000008ea89020}: static Lcom/intellij/database/remote/jdba/core/RowLayout;.<clinit>()V> (0x000000008ea89020) 
thrown [s\src\hotspot\share\prims\jni.cpp, line 1108]
Event: 0.963 Thread 0x00000236162cf060 Exception <a 'java/lang/NoSuchMethodError'{0x000000008ea94108}: static Lcom/intellij/database/remote/jdba/util/NameAndClass;.<clinit>()V> (0x000000008ea94108) 
thrown [s\src\hotspot\share\prims\jni.cpp, line 1108]
Event: 0.981 Thread 0x00000236162cf060 Exception <a 'java/lang/NoSuchMethodError'{0x000000008e9109a8}: 'java.lang.Object java.lang.invoke.DirectMethodHandle$Holder.newInvokeSpecial(java.lang.Object, java.lang.Object, int)'> (0x000000008e9109a8) 
thrown [s\src\hotspot\share\interpreter\linkResolver.cpp, line 771]
Event: 0.993 Thread 0x00000236162cf060 Exception <a 'java/lang/NoSuchMethodError'{0x000000008e96f5f8}: static [Ljava/lang/Object;.<clinit>()V> (0x000000008e96f5f8) 
thrown [s\src\hotspot\share\prims\jni.cpp, line 1108]
Event: 107.967 Thread 0x00000236162cf060 Exception <a 'java/lang/reflect/InvocationTargetException'{0x000000008fd667c0}> (0x000000008fd667c0) 
thrown [s\src\hotspot\share\runtime\reflection.cpp, line 1127]
Event: 107.970 Thread 0x00000236162cf060 Exception <a 'java/lang/NoSuchMethodError'{0x000000008fd7d848}: static [Ljava/lang/StackTraceElement;.<clinit>()V> (0x000000008fd7d848) 
thrown [s\src\hotspot\share\prims\jni.cpp, line 1108]
Event: 136.175 Thread 0x00000236162cf060 Exception <a 'java/lang/NoSuchMethodError'{0x000000008f88bfa8}: 'java.lang.Object java.lang.invoke.DirectMethodHandle$Holder.newInvokeSpecial(java.lang.Object, java.lang.Object, long)'> (0x000000008f88bfa8) 
thrown [s\src\hotspot\share\interpreter\linkResolver.cpp, line 771]
Event: 146.070 Thread 0x00000236162cf060 Exception <a 'java/lang/NoSuchMethodError'{0x000000008ec51fa8}: static Lcom/intellij/database/remote/jdbc/RemoteResultSet$DataRetrievingOptions;.<clinit>()V> (0x000000008ec51fa8) 
thrown [s\src\hotspot\share\prims\jni.cpp, line 1108]
Event: 148.294 Thread 0x00000236162cf060 Implicit null exception at 0x0000023607ba0658 to 0x0000023607ba5dc8
Event: 453.606 Thread 0x00000236162cd200 Implicit null exception at 0x0000023607bd9b35 to 0x0000023607bdb378
Event: 453.606 Thread 0x00000236162cd200 Implicit null exception at 0x0000023607b6fff7 to 0x0000023607b70070

VM Operations (20 events):
Event: 415.046 Executing VM operation: Cleanup
Event: 415.046 Executing VM operation: Cleanup done
Event: 437.057 Executing VM operation: Cleanup
Event: 437.057 Executing VM operation: Cleanup done
Event: 454.065 Executing VM operation: Cleanup
Event: 454.065 Executing VM operation: Cleanup done
Event: 460.066 Executing VM operation: Cleanup
Event: 460.066 Executing VM operation: Cleanup done
Event: 481.108 Executing VM operation: HandshakeAllThreads
Event: 481.108 Executing VM operation: HandshakeAllThreads done
Event: 586.638 Executing VM operation: Cleanup
Event: 586.638 Executing VM operation: Cleanup done
Event: 937.299 Executing VM operation: Cleanup
Event: 937.299 Executing VM operation: Cleanup done
Event: 1090.381 Executing VM operation: Cleanup
Event: 1090.381 Executing VM operation: Cleanup done
Event: 1126.612 Executing VM operation: Cleanup
Event: 1126.612 Executing VM operation: Cleanup done
Event: 1171.780 Executing VM operation: Cleanup
Event: 1171.780 Executing VM operation: Cleanup done

Events (20 events):
Event: 148.295 Thread 0x00000236162cb8b0 Thread added: 0x00000236162cb8b0
Event: 148.295 Thread 0x00000236162cc2d0 Thread added: 0x00000236162cc2d0
Event: 148.296 Thread 0x00000236162cb8b0 Thread exited: 0x00000236162cb8b0
Event: 148.296 Thread 0x00000236162cc2d0 Thread exited: 0x00000236162cc2d0
Event: 159.374 loading class java/util/DualPivotQuicksort
Event: 159.375 loading class java/util/DualPivotQuicksort done
Event: 166.836 Thread 0x00000236162cb8b0 Thread added: 0x00000236162cb8b0
Event: 166.837 Thread 0x00000236162cb8b0 Thread exited: 0x00000236162cb8b0
Event: 166.838 Thread 0x00000236162cc2d0 Thread added: 0x00000236162cc2d0
Event: 166.838 Thread 0x00000236162cc7e0 Thread added: 0x00000236162cc7e0
Event: 166.838 Thread 0x00000236162cccf0 Thread added: 0x00000236162cccf0
Event: 166.838 Thread 0x00000236162cdc20 Thread added: 0x00000236162cdc20
Event: 166.838 Thread 0x00000236162cc7e0 Thread exited: 0x00000236162cc7e0
Event: 166.838 Thread 0x00000236162cc2d0 Thread exited: 0x00000236162cc2d0
Event: 166.838 Thread 0x00000236162cccf0 Thread exited: 0x00000236162cccf0
Event: 166.839 Thread 0x00000236162cdc20 Thread exited: 0x00000236162cdc20
Event: 167.069 Thread 0x00000236162cb8b0 Thread added: 0x00000236162cb8b0
Event: 167.070 Thread 0x00000236162cb8b0 Thread exited: 0x00000236162cb8b0
Event: 198.475 Thread 0x00000236162cdc20 Thread added: 0x00000236162cdc20
Event: 198.475 Thread 0x00000236162cdc20 Thread exited: 0x00000236162cdc20


Dynamic libraries:
0x00007ff7ccdc0000 - 0x00007ff7ccdca000 	C:\Program Files\JetBrains\PyCharm 2023.2.5\jbr\bin\java.exe
0x00007ff980fb0000 - 0x00007ff9811c7000 	C:\Windows\SYSTEM32\ntdll.dll
0x00007ff97fc50000 - 0x00007ff97fd14000 	C:\Windows\System32\KERNEL32.DLL
0x00007ff97e460000 - 0x00007ff97e80d000 	C:\Windows\System32\KERNELBASE.dll
0x00007ff97e2d0000 - 0x00007ff97e3e1000 	C:\Windows\System32\ucrtbase.dll
0x00007ff96af00000 - 0x00007ff96af17000 	C:\Program Files\JetBrains\PyCharm 2023.2.5\jbr\bin\jli.dll
0x00007ff97ee30000 - 0x00007ff97efde000 	C:\Windows\System32\USER32.dll
0x00007ff97eb20000 - 0x00007ff97eb46000 	C:\Windows\System32\win32u.dll
0x00007ff980820000 - 0x00007ff980849000 	C:\Windows\System32\GDI32.dll
0x00007ff96e970000 - 0x00007ff96ec03000 	C:\Windows\WinSxS\amd64_microsoft.windows.common-controls_6595b64144ccf1df_6.0.22621.3672_none_2713b9d173822955\COMCTL32.dll
0x00007ff97e980000 - 0x00007ff97ea99000 	C:\Windows\System32\gdi32full.dll
0x00007ff980d90000 - 0x00007ff980e37000 	C:\Windows\System32\msvcrt.dll
0x00007ff9692e0000 - 0x00007ff9692fb000 	C:\Program Files\JetBrains\PyCharm 2023.2.5\jbr\bin\VCRUNTIME140.dll
0x00007ff97ec10000 - 0x00007ff97ecaa000 	C:\Windows\System32\msvcp_win.dll
0x00007ff97f590000 - 0x00007ff97f5c1000 	C:\Windows\System32\IMM32.DLL
0x00007ff96b480000 - 0x00007ff96b48c000 	C:\Program Files\JetBrains\PyCharm 2023.2.5\jbr\bin\vcruntime140_1.dll
0x00007ff93ddc0000 - 0x00007ff93de4d000 	C:\Program Files\JetBrains\PyCharm 2023.2.5\jbr\bin\msvcp140.dll
0x00007ff932890000 - 0x00007ff933513000 	C:\Program Files\JetBrains\PyCharm 2023.2.5\jbr\bin\server\jvm.dll
0x00007ff980e40000 - 0x00007ff980ef2000 	C:\Windows\System32\ADVAPI32.dll
0x00007ff97fba0000 - 0x00007ff97fc49000 	C:\Windows\System32\sechost.dll
0x00007ff97ecb0000 - 0x00007ff97ecd8000 	C:\Windows\System32\bcrypt.dll
0x00007ff97f6d0000 - 0x00007ff97f7e4000 	C:\Windows\System32\RPCRT4.dll
0x00007ff97dfe0000 - 0x00007ff97e02d000 	C:\Windows\SYSTEM32\POWRPROF.dll
0x00007ff978660000 - 0x00007ff978694000 	C:\Windows\SYSTEM32\WINMM.dll
0x00007ff975c70000 - 0x00007ff975c7a000 	C:\Windows\SYSTEM32\VERSION.dll
0x00007ff976760000 - 0x00007ff976769000 	C:\Windows\SYSTEM32\WSOCK32.dll
0x00007ff97fd70000 - 0x00007ff97fde1000 	C:\Windows\System32\WS2_32.dll
0x00007ff97dfc0000 - 0x00007ff97dfd3000 	C:\Windows\SYSTEM32\UMPDC.dll
0x00007ff97d2d0000 - 0x00007ff97d2e8000 	C:\Windows\SYSTEM32\kernel.appcore.dll
0x00007ff976280000 - 0x00007ff97628a000 	C:\Program Files\JetBrains\PyCharm 2023.2.5\jbr\bin\jimage.dll
0x00007ff974f40000 - 0x00007ff975172000 	C:\Windows\SYSTEM32\DBGHELP.DLL
0x00007ff97f7f0000 - 0x00007ff97fb7d000 	C:\Windows\System32\combase.dll
0x00007ff97ece0000 - 0x00007ff97edb7000 	C:\Windows\System32\OLEAUT32.dll
0x00007ff972960000 - 0x00007ff972992000 	C:\Windows\SYSTEM32\dbgcore.DLL
0x00007ff97eaa0000 - 0x00007ff97eb1b000 	C:\Windows\System32\bcryptPrimitives.dll
0x00007ff96f490000 - 0x00007ff96f4b5000 	C:\Program Files\JetBrains\PyCharm 2023.2.5\jbr\bin\java.dll
0x00007ff9760e0000 - 0x00007ff9760f8000 	C:\Program Files\JetBrains\PyCharm 2023.2.5\jbr\bin\zip.dll
0x00007ff97fdf0000 - 0x00007ff980658000 	C:\Windows\System32\SHELL32.dll
0x00007ff97c1d0000 - 0x00007ff97cace000 	C:\Windows\SYSTEM32\windows.storage.dll
0x00007ff97c090000 - 0x00007ff97c1cf000 	C:\Windows\SYSTEM32\wintypes.dll
0x00007ff980ae0000 - 0x00007ff980bd9000 	C:\Windows\System32\SHCORE.dll
0x00007ff97edd0000 - 0x00007ff97ee2e000 	C:\Windows\System32\shlwapi.dll
0x00007ff97e200000 - 0x00007ff97e221000 	C:\Windows\SYSTEM32\profapi.dll
0x00007ff96e530000 - 0x00007ff96e549000 	C:\Program Files\JetBrains\PyCharm 2023.2.5\jbr\bin\net.dll
0x00007ff979fc0000 - 0x00007ff97a0f6000 	C:\Windows\SYSTEM32\WINHTTP.dll
0x00007ff97d750000 - 0x00007ff97d7b9000 	C:\Windows\system32\mswsock.dll
0x00007ff96e510000 - 0x00007ff96e526000 	C:\Program Files\JetBrains\PyCharm 2023.2.5\jbr\bin\nio.dll
0x00007ff96f480000 - 0x00007ff96f490000 	C:\Program Files\JetBrains\PyCharm 2023.2.5\jbr\bin\verify.dll
0x00007ff97cd30000 - 0x00007ff97cd5d000 	C:\Windows\SYSTEM32\IPHLPAPI.DLL
0x00007ff980ac0000 - 0x00007ff980ac9000 	C:\Windows\System32\NSI.dll
0x00007ff979e20000 - 0x00007ff979e39000 	C:\Windows\SYSTEM32\dhcpcsvc6.DLL
0x00007ff979d50000 - 0x00007ff979d6f000 	C:\Windows\SYSTEM32\dhcpcsvc.DLL
0x00007ff97cd60000 - 0x00007ff97ce58000 	C:\Windows\SYSTEM32\DNSAPI.dll
0x00007ff97d9e0000 - 0x00007ff97d9fb000 	C:\Windows\SYSTEM32\CRYPTSP.dll
0x00007ff97d230000 - 0x00007ff97d265000 	C:\Windows\system32\rsaenh.dll
0x00007ff97d870000 - 0x00007ff97d898000 	C:\Windows\SYSTEM32\USERENV.dll
0x00007ff97d9d0000 - 0x00007ff97d9dc000 	C:\Windows\SYSTEM32\CRYPTBASE.dll
0x00007ff96e4f0000 - 0x00007ff96e4f9000 	C:\Program Files\JetBrains\PyCharm 2023.2.5\jbr\bin\extnet.dll
0x00007ff969b50000 - 0x00007ff969b57000 	C:\Program Files\JetBrains\PyCharm 2023.2.5\jbr\bin\rmi.dll
0x00007ff93bdd0000 - 0x00007ff93bec4000 	C:\Users\ASUS TUF GAMING\AppData\Local\JetBrains\PyCharm2023.3\jdbc-native-deps\Xerial SQLiteJDBC\3.45.1\sqlite-jdbc-3.45.1.0\libs\sqlite-3.45.1.0-70839e1e-a5fb-41a8-b8d7-b31b38502da8-sqlitejdbc.dll

dbghelp: loaded successfully - version: 4.0.5 - missing functions: none
symbol engine: initialized successfully - sym options: 0x614 - pdb path: .;C:\Program Files\JetBrains\PyCharm 2023.2.5\jbr\bin;C:\Windows\SYSTEM32;C:\Windows\WinSxS\amd64_microsoft.windows.common-controls_6595b64144ccf1df_6.0.22621.3672_none_2713b9d173822955;C:\Program Files\JetBrains\PyCharm 2023.2.5\jbr\bin\server;C:\Users\ASUS TUF GAMING\AppData\Local\JetBrains\PyCharm2023.3\jdbc-native-deps\Xerial SQLiteJDBC\3.45.1\sqlite-jdbc-3.45.1.0\libs

VM Arguments:
jvm_args: -Dorg.sqlite.tmpdir=C:\Users\ASUS TUF GAMING\AppData\Local\JetBrains\PyCharm2023.3\jdbc-native-deps\Xerial SQLiteJDBC\3.45.1\sqlite-jdbc-3.45.1.0\libs -Djava.rmi.server.hostname=127.0.0.1 -Duser.timezone=UTC -Xmx2048m -Xms256m -Djdbc.classpath=C:\Program Files\JetBrains\PyCharm 2023.2.5\plugins\DatabaseTools\lib\jdbc-console.jar;C:\Users\ASUS TUF GAMING\AppData\Roaming\JetBrains\PyCharm2023.3\jdbc-drivers\Xerial SQLiteJDBC\3.45.1\org\xerial\sqlite-jdbc\3.45.1.0\sqlite-jdbc-3.45.1.0.jar;C:\Users\ASUS TUF GAMING\AppData\Roaming\JetBrains\PyCharm2023.3\jdbc-drivers\Xerial SQLiteJDBC\3.45.1\org\slf4j\slf4j-api\1.7.36\slf4j-api-1.7.36.jar --add-exports=java.desktop/sun.awt=ALL-UNNAMED --add-exports=java.desktop/java.awt.peer=ALL-UNNAMED --add-opens=java.desktop/java.awt=ALL-UNNAMED --add-opens=jdk.unsupported/sun.misc=ALL-UNNAMED --add-opens=java.base/java.nio=ALL-UNNAMED --add-opens=java.base/java.util=ALL-UNNAMED -Dfile.encoding=UTF-8 
java_command: com.intellij.database.remote.RemoteJdbcServer org.sqlite.JDBC
java_class_path (initial): C:\Program Files\JetBrains\PyCharm 2023.2.5\lib\util_rt.jar;C:\Program Files\JetBrains\PyCharm 2023.2.5\lib\util-8.jar;C:\Program Files\JetBrains\PyCharm 2023.2.5\lib\groovy.jar;C:\Program Files\JetBrains\PyCharm 2023.2.5\plugins\DatabaseTools\lib\jdbc-console.jar;C:\Program Files\JetBrains\PyCharm 2023.2.5\plugins\grid-core-impl\lib\jdbc-console-types.jar;C:\Program Files\JetBrains\PyCharm 2023.2.5\lib\util.jar
Launcher Type: SUN_STANDARD

[Global flags]
     intx CICompilerCount                          = 4                                         {product} {ergonomic}
     uint ConcGCThreads                            = 3                                         {product} {ergonomic}
     uint G1ConcRefinementThreads                  = 10                                        {product} {ergonomic}
   size_t G1HeapRegionSize                         = 1048576                                   {product} {ergonomic}
    uintx GCDrainStackTargetSize                   = 64                                        {product} {ergonomic}
   size_t InitialHeapSize                          = 268435456                                 {product} {command line}
   size_t MarkStackSize                            = 4194304                                   {product} {ergonomic}
   size_t MaxHeapSize                              = 2147483648                                {product} {command line}
   size_t MaxNewSize                               = 1287651328                                {product} {ergonomic}
   size_t MinHeapDeltaBytes                        = 1048576                                   {product} {ergonomic}
   size_t MinHeapSize                              = 268435456                                 {product} {command line}
    uintx NonNMethodCodeHeapSize                   = 5839372                                {pd product} {ergonomic}
    uintx NonProfiledCodeHeapSize                  = 122909434                              {pd product} {ergonomic}
    uintx ProfiledCodeHeapSize                     = 122909434                              {pd product} {ergonomic}
    uintx ReservedCodeCacheSize                    = 251658240                              {pd product} {ergonomic}
     bool SegmentedCodeCache                       = true                                      {product} {ergonomic}
   size_t SoftMaxHeapSize                          = 2147483648                             {manageable} {ergonomic}
     bool UseCompressedClassPointers               = true                           {product lp64_product} {ergonomic}
     bool UseCompressedOops                        = true                           {product lp64_product} {ergonomic}
     bool UseG1GC                                  = true                                      {product} {ergonomic}
     bool UseLargePagesIndividualAllocation        = false                                  {pd product} {ergonomic}

Logging:
Log output configuration:
 #0: stdout all=warning uptime,level,tags
 #1: stderr all=off uptime,level,tags

Environment Variables:
PATH=C:\Program Files\Common Files\Oracle\Java\javapath;C:\Windows\system32;C:\Windows;C:\Windows\System32\Wbem;C:\Windows\System32\WindowsPowerShell\v1.0\;C:\Windows\System32\OpenSSH\;C:\Program Files\NVIDIA Corporation\NVIDIA NvDLISR;C:\Program Files\dotnet\;C:\Program Files\Git\cmd;C:\Program Files (x86)\NVIDIA Corporation\PhysX\Common;C:\Users\ASUS TUF GAMING\AppData\Local\Programs\Python\Python312\Scripts\;C:\Users\ASUS TUF GAMING\AppData\Local\Programs\Python\Python312\;C:\Users\ASUS TUF GAMING\AppData\Local\Microsoft\WindowsApps
USERNAME=ASUS TUF GAMING
OS=Windows_NT
PROCESSOR_IDENTIFIER=AMD64 Family 23 Model 96 Stepping 1, AuthenticAMD
TMP=C:\Users\ASUSTU~1\AppData\Local\Temp
TEMP=C:\Users\ASUSTU~1\AppData\Local\Temp



Periodic native trim disabled

JNI global refs:
JNI global refs: 18, weak refs: 10

JNI global refs memory usage: 843, weak refs: 841

OOME stack traces (most recent first):
Classloader memory used:
Loader bootstrap                                                                       : 1821K
Loader jdk.internal.loader.ClassLoaders$AppClassLoader                                 : 259K
Loader com.intellij.database.remote.jdbc.impl.JdbcClassLoader$JdbcClassLoaderImpl      : 105K
Loader jdk.internal.reflect.DelegatingClassLoader                                      : 33671B
Loader jdk.internal.loader.ClassLoaders$PlatformClassLoader                            : 32132B


---------------  S Y S T E M  ---------------

OS:
 Windows 11 , 64 bit Build 22621 (10.0.22621.3958)
OS uptime: 3 days 23:29 hours
Hyper-V role detected

CPU: total 12 (initial active 12) (12 cores per cpu, 2 threads per core) family 23 model 96 stepping 1 microcode 0x0, cx8, cmov, fxsr, ht, mmx, 3dnowpref, sse, sse2, sse3, ssse3, sse4a, sse4.1, sse4.2, popcnt, lzcnt, tsc, tscinvbit, avx, avx2, aes, clmul, bmi1, bmi2, adx, sha, fma, vzeroupper, clflush, clflushopt, hv
Processor Information for all 12 processors :
  Max Mhz: 3001, Current Mhz: 3001, Mhz Limit: 3001

Memory: 4k page, system-wide physical 15789M (3150M free)
TotalPageFile size 64941M (AvailPageFile size 3M)
current process WorkingSet (physical memory assigned to process): 93M, peak: 117M
current process commit charge ("private bytes"): 364M, peak: 391M

vm_info: OpenJDK 64-Bit Server VM (17.0.10+1-b1087.23) for windows-amd64 JRE (17.0.10+1-b1087.23), built on 2024-03-18 by "builduser" with MS VC++ 16.10 / 16.11 (VS2019)

END.
